{
  "RSpec": {
    "coverage": {
      "/Users/sumonsm/code/ruby/rspec-rails/lib/rspec/rails.rb": {
        "lines": [
          1,
          1,
          null,
          null,
          1,
          1,
          null,
          null,
          1,
          1,
          1,
          1,
          1,
          1,
          1,
          1,
          1,
          1
        ]
      },
      "/Users/sumonsm/code/ruby/rspec-rails/lib/rspec/rails/adapters.rb": {
        "lines": [
          1,
          1,
          1,
          1,
          null,
          1,
          1,
          null,
          1,
          null,
          null,
          null,
          null,
          0,
          0,
          0,
          0,
          null,
          null,
          1,
          null,
          1,
          1,
          null,
          0,
          null,
          1,
          null,
          null,
          1,
          null,
          null,
          1,
          1,
          5,
          5,
          5,
          10,
          null,
          null,
          5,
          5,
          7,
          null,
          null,
          5,
          7,
          null,
          null,
          5,
          5,
          67,
          null,
          64,
          2,
          null,
          null,
          null,
          null,
          null,
          null,
          null,
          null,
          null,
          null,
          1,
          1,
          null,
          1,
          1348,
          1345,
          null,
          357,
          988,
          988,
          988,
          null,
          null,
          null,
          1,
          null,
          null,
          1,
          null,
          null,
          1,
          null,
          null,
          1,
          null,
          null,
          null,
          null,
          1,
          1,
          1,
          2,
          null,
          null,
          null,
          null,
          1,
          1,
          null,
          1,
          null,
          null,
          1,
          89,
          88,
          81,
          null,
          28,
          null,
          null,
          89,
          null,
          null,
          null,
          null,
          null,
          null,
          1,
          29,
          13,
          null,
          null,
          null,
          1,
          2259,
          2259,
          null,
          null,
          1,
          0,
          null,
          null,
          null,
          null,
          1,
          1,
          null,
          null,
          1,
          null,
          null,
          null,
          1,
          357,
          null,
          null,
          18921,
          null,
          null,
          null,
          1,
          357,
          13566,
          2,
          null,
          null,
          null,
          null,
          null,
          1,
          1,
          1,
          null,
          null,
          1,
          2,
          null,
          null,
          1,
          357,
          null,
          null,
          null,
          null,
          null,
          null,
          null,
          1,
          null,
          null,
          1,
          1,
          null,
          null,
          null,
          1,
          0,
          null,
          null,
          null,
          null
        ]
      },
      "/Users/sumonsm/code/ruby/rspec-rails/lib/rspec/rails/extensions.rb": {
        "lines": [
          1
        ]
      },
      "/Users/sumonsm/code/ruby/rspec-rails/lib/rspec/rails/extensions/active_record/proxy.rb": {
        "lines": [
          1,
          null,
          1,
          1,
          null,
          null,
          null,
          0,
          null,
          null,
          null
        ]
      },
      "/Users/sumonsm/code/ruby/rspec-rails/lib/rspec/rails/view_rendering.rb": {
        "lines": [
          1,
          null,
          1,
          1,
          null,
          null,
          1,
          1,
          null,
          null,
          null,
          1,
          null,
          null,
          1,
          1,
          null,
          null,
          1,
          null,
          1,
          14,
          null,
          null,
          null,
          1,
          35,
          null,
          22,
          9,
          null,
          13,
          null,
          null,
          null,
          null,
          null,
          1,
          26,
          null,
          null,
          null,
          1,
          1,
          11,
          5,
          null,
          6,
          null,
          null,
          null,
          1,
          0,
          0,
          null,
          null,
          null,
          null,
          null,
          null,
          null,
          null,
          null,
          null,
          1,
          0,
          null,
          null,
          null,
          null,
          null,
          null,
          null,
          1,
          1,
          6,
          null,
          null,
          1,
          3,
          null,
          null,
          1,
          5,
          null,
          null,
          1,
          1,
          1,
          null,
          null,
          1,
          null,
          1,
          1,
          0,
          null,
          0,
          null,
          null,
          null,
          null,
          null,
          null,
          null,
          1,
          1,
          null,
          1,
          0,
          0,
          null,
          null,
          null,
          null,
          null,
          1,
          1,
          0,
          null,
          0,
          null,
          null,
          null,
          null,
          null,
          null,
          1,
          1,
          3,
          null,
          null,
          1,
          3,
          null,
          null,
          1,
          null,
          1,
          14,
          null,
          null,
          null,
          null,
          1,
          3,
          null,
          null,
          1,
          46,
          6,
          2,
          5,
          null,
          2,
          2,
          null,
          null,
          null,
          46,
          6,
          null,
          null,
          null,
          null,
          null
        ]
      },
      "/Users/sumonsm/code/ruby/rspec-rails/lib/rspec/rails/matchers.rb": {
        "lines": [
          1,
          1,
          1,
          null,
          1,
          1,
          null,
          null,
          1,
          null,
          null,
          null,
          null,
          1,
          1,
          1,
          1,
          1,
          1,
          1,
          1,
          1,
          1,
          null,
          1,
          1,
          1,
          null,
          null,
          1,
          1,
          null,
          null,
          1,
          1,
          null
        ]
      },
      "/Users/sumonsm/code/ruby/rspec-rails/lib/rspec/rails/feature_check.rb": {
        "lines": [
          1,
          1,
          null,
          1,
          1,
          1,
          1938,
          null,
          null,
          1,
          32,
          null,
          null,
          1,
          16,
          null,
          null,
          1,
          2077,
          null,
          null,
          1,
          6,
          null,
          null,
          1,
          1940,
          null,
          null,
          1,
          69,
          null,
          null,
          1,
          70,
          null,
          null,
          1,
          69,
          null,
          null,
          1,
          1937,
          null,
          null,
          1,
          304,
          null,
          null,
          null,
          null
        ]
      },
      "/Users/sumonsm/code/ruby/rspec-rails/lib/rspec/rails/matchers/base_matcher.rb": {
        "lines": [
          1,
          1,
          1,
          null,
          null,
          null,
          1,
          1,
          null,
          null,
          null,
          null,
          1,
          null,
          null,
          1,
          null,
          null,
          1,
          null,
          1,
          8,
          null,
          null,
          null,
          null,
          null,
          null,
          1,
          0,
          0,
          null,
          null,
          null,
          null,
          null,
          null,
          null,
          null,
          1,
          48,
          null,
          48,
          23,
          25,
          17,
          null,
          null,
          null,
          null,
          null,
          null,
          1,
          2,
          2,
          2,
          null,
          null,
          null,
          null,
          null,
          1,
          59,
          null,
          null,
          null,
          null,
          null,
          null,
          1,
          0,
          null,
          null,
          null,
          1,
          10,
          null,
          null,
          null,
          1,
          0,
          null,
          null,
          null,
          1,
          0,
          null,
          null,
          null,
          1,
          2,
          null,
          null,
          null,
          1,
          0,
          0,
          null,
          0,
          null,
          null,
          null,
          null,
          null,
          1,
          1,
          1,
          1,
          1,
          1,
          1,
          null,
          1,
          null,
          1,
          null,
          1,
          0,
          null,
          0,
          0,
          null,
          null,
          1,
          null,
          null,
          1,
          null,
          null,
          null,
          null,
          null,
          null,
          null,
          null,
          null,
          1,
          0,
          null,
          1,
          null,
          null,
          1,
          null,
          null,
          null,
          1,
          null,
          null,
          null,
          null,
          null,
          1,
          0,
          null,
          null,
          null,
          null,
          null,
          null,
          null,
          1,
          0,
          null,
          null,
          null,
          1,
          0,
          null,
          null,
          0,
          null,
          null,
          null,
          1,
          null,
          null,
          null,
          null
        ]
      },
      "/Users/sumonsm/code/ruby/rspec-rails/lib/rspec/rails/matchers/have_rendered.rb": {
        "lines": [
          1,
          1,
          1,
          null,
          1,
          null,
          1,
          1,
          22,
          22,
          22,
          22,
          null,
          null,
          null,
          1,
          22,
          22,
          null,
          18,
          18,
          null,
          null,
          null,
          null,
          null,
          null,
          null,
          1,
          8,
          8,
          null,
          4,
          null,
          null,
          null,
          1,
          6,
          4,
          null,
          null,
          2,
          null,
          null,
          null,
          null,
          1,
          2,
          null,
          null,
          null,
          null,
          null,
          null,
          null,
          1,
          22,
          null,
          null,
          1,
          null,
          null,
          null,
          null
        ]
      },
      "/Users/sumonsm/code/ruby/rspec-rails/lib/rspec/rails/matchers/redirect_to.rb": {
        "lines": [
          1,
          1,
          1,
          null,
          1,
          null,
          1,
          1,
          6,
          6,
          null,
          null,
          1,
          6,
          6,
          null,
          null,
          null,
          1,
          1,
          null,
          null,
          1,
          1,
          null,
          null,
          null,
          null,
          null,
          null,
          null,
          1,
          6,
          null,
          null,
          null,
          null,
          null
        ]
      },
      "/Users/sumonsm/code/ruby/rspec-rails/lib/rspec/rails/matchers/routing_matchers.rb": {
        "lines": [
          1,
          1,
          1,
          null,
          1,
          1,
          null,
          null,
          1,
          1,
          16,
          16,
          16,
          11,
          null,
          5,
          5,
          null,
          null,
          null,
          1,
          16,
          null,
          null,
          16,
          16,
          16,
          null,
          null,
          null,
          null,
          null,
          null,
          null,
          1,
          3,
          null,
          null,
          1,
          1,
          null,
          null,
          1,
          1,
          null,
          null,
          null,
          null,
          null,
          null,
          null,
          null,
          null,
          null,
          null,
          null,
          null,
          null,
          null,
          null,
          1,
          16,
          null,
          null,
          null,
          1,
          1,
          5,
          null,
          null,
          1,
          4,
          4,
          4,
          null,
          null,
          null,
          null,
          null,
          1,
          1,
          null,
          null,
          1,
          1,
          null,
          null,
          1,
          1,
          null,
          null,
          null,
          null,
          null,
          null,
          null,
          null,
          null,
          null,
          null,
          1,
          5,
          null,
          null,
          null,
          1,
          null,
          null,
          null,
          null,
          null,
          null,
          null,
          null,
          null,
          1,
          7,
          5,
          null,
          null,
          null,
          null,
          null,
          null,
          null
        ]
      },
      "/Users/sumonsm/code/ruby/rspec-rails/lib/rspec/rails/matchers/be_new_record.rb": {
        "lines": [
          1,
          1,
          1,
          null,
          1,
          1,
          4,
          null,
          null,
          1,
          1,
          null,
          null,
          1,
          1,
          null,
          null,
          null,
          null,
          null,
          null,
          null,
          null,
          null,
          1,
          4,
          null,
          null,
          null,
          null
        ]
      },
      "/Users/sumonsm/code/ruby/rspec-rails/lib/rspec/rails/matchers/be_a_new.rb": {
        "lines": [
          1,
          1,
          1,
          null,
          null,
          null,
          null,
          null,
          1,
          null,
          1,
          16,
          null,
          null,
          null,
          1,
          16,
          16,
          null,
          null,
          null,
          null,
          1,
          12,
          12,
          null,
          null,
          null,
          1,
          7,
          7,
          3,
          null,
          7,
          6,
          6,
          2,
          null,
          4,
          null,
          null,
          null,
          null,
          null,
          1,
          null,
          1,
          41,
          null,
          null,
          1,
          17,
          21,
          null,
          null,
          null,
          1,
          12,
          18,
          null,
          null,
          null,
          null,
          null,
          null,
          null,
          null,
          null,
          null,
          null,
          null,
          null,
          null,
          null,
          null,
          null,
          null,
          1,
          16,
          null,
          null,
          null,
          null
        ]
      },
      "/Users/sumonsm/code/ruby/rspec-rails/lib/rspec/rails/matchers/relation_match_array.rb": {
        "lines": [
          1,
          1,
          null
        ]
      },
      "/Users/sumonsm/code/ruby/rspec-rails/lib/rspec/rails/matchers/be_valid.rb": {
        "lines": [
          1,
          1,
          1,
          null,
          1,
          1,
          8,
          null,
          null,
          1,
          8,
          8,
          null,
          null,
          1,
          4,
          null,
          4,
          2,
          1,
          null,
          1,
          null,
          null,
          2,
          null,
          null,
          4,
          null,
          null,
          1,
          1,
          null,
          null,
          null,
          null,
          null,
          null,
          null,
          null,
          null,
          null,
          null,
          1,
          8,
          null,
          null,
          null,
          null
        ]
      },
      "/Users/sumonsm/code/ruby/rspec-rails/lib/rspec/rails/matchers/have_http_status.rb": {
        "lines": [
          null,
          null,
          null,
          null,
          null,
          null,
          1,
          1,
          1,
          null,
          null,
          null,
          1,
          null,
          null,
          null,
          null,
          null,
          1,
          121,
          98,
          23,
          12,
          null,
          11,
          null,
          null,
          null,
          null,
          null,
          null,
          null,
          null,
          null,
          1,
          109,
          61,
          48,
          0,
          48,
          null,
          null,
          null,
          12,
          12,
          12,
          12,
          12,
          12,
          null,
          12,
          null,
          36,
          null,
          null,
          1,
          null,
          null,
          null,
          1,
          82,
          null,
          null,
          24,
          null,
          null,
          null,
          null,
          null,
          null,
          null,
          null,
          null,
          null,
          null,
          null,
          1,
          1,
          null,
          1,
          11,
          11,
          11,
          null,
          null,
          null,
          null,
          1,
          9,
          6,
          6,
          null,
          3,
          3,
          null,
          null,
          null,
          1,
          1,
          null,
          null,
          null,
          1,
          4,
          null,
          null,
          null,
          null,
          null,
          1,
          3,
          null,
          null,
          null,
          null,
          null,
          null,
          null,
          null,
          null,
          null,
          null,
          null,
          null,
          null,
          null,
          null,
          1,
          1,
          null,
          1,
          12,
          12,
          12,
          12,
          null,
          null,
          null,
          null,
          null,
          1,
          9,
          6,
          6,
          null,
          3,
          3,
          null,
          null,
          null,
          1,
          1,
          null,
          null,
          null,
          1,
          4,
          null,
          null,
          null,
          null,
          null,
          1,
          3,
          null,
          null,
          null,
          null,
          null,
          1,
          1,
          null,
          1,
          null,
          null,
          1,
          3,
          null,
          1,
          null,
          null,
          null,
          null,
          null,
          null,
          null,
          1,
          1,
          7,
          null,
          1,
          null,
          null,
          null,
          1,
          3,
          null,
          null,
          null,
          1,
          6,
          null,
          null,
          null,
          1,
          9,
          7,
          null,
          2,
          null,
          null,
          null,
          null,
          null,
          null,
          null,
          null,
          1,
          12,
          null,
          1,
          null,
          null,
          null,
          null,
          null,
          null,
          null,
          null,
          null,
          null,
          null,
          null,
          null,
          null,
          null,
          null,
          null,
          null,
          null,
          1,
          1,
          null,
          null,
          null,
          null,
          1,
          219,
          null,
          null,
          null,
          null,
          null,
          null,
          1,
          98,
          0,
          null,
          null,
          98,
          98,
          98,
          null,
          null,
          null,
          null,
          1,
          91,
          61,
          61,
          null,
          30,
          30,
          null,
          null,
          null,
          1,
          7,
          null,
          null,
          null,
          1,
          34,
          null,
          null,
          null,
          null,
          1,
          34,
          null,
          null,
          null,
          1,
          null,
          null,
          1,
          null,
          null,
          null,
          null,
          1,
          61,
          null,
          null,
          null,
          1,
          null,
          null,
          1,
          55,
          null,
          null,
          null,
          null,
          null,
          null,
          null,
          1,
          null,
          null,
          null,
          null,
          null,
          null,
          null,
          null,
          null,
          null,
          null,
          null,
          null,
          null,
          null,
          null,
          null,
          null,
          null,
          41,
          null,
          12,
          null,
          12,
          null,
          12,
          null,
          5,
          null,
          null,
          null,
          null,
          null,
          null,
          null,
          null,
          null,
          null,
          null,
          null,
          null,
          null,
          null,
          null,
          null,
          null,
          null,
          null,
          null,
          null,
          null,
          null,
          null,
          null,
          null,
          null,
          null,
          null,
          null,
          1,
          122,
          null,
          121,
          null,
          null,
          null,
          null
        ]
      },
      "/Users/sumonsm/code/ruby/rspec-rails/lib/rspec/rails/matchers/send_email.rb": {
        "lines": [
          null,
          null,
          1,
          1,
          1,
          null,
          null,
          null,
          null,
          null,
          1,
          null,
          null,
          1,
          null,
          1,
          21,
          null,
          null,
          null,
          1,
          0,
          null,
          null,
          null,
          1,
          33,
          null,
          null,
          1,
          21,
          null,
          21,
          null,
          null,
          null,
          null,
          1,
          null,
          5,
          1,
          null,
          4,
          null,
          5,
          null,
          null,
          null,
          null,
          1,
          4,
          null,
          null,
          1,
          null,
          1,
          4,
          null,
          null,
          1,
          42,
          null,
          null,
          1,
          21,
          null,
          21,
          null,
          21,
          null,
          21,
          21,
          null,
          null,
          1,
          21,
          null,
          25,
          23,
          null,
          2,
          null,
          null,
          25,
          null,
          null,
          null,
          1,
          5,
          null,
          null,
          1,
          5,
          1,
          null,
          null,
          4,
          30,
          5,
          null,
          4,
          null,
          null,
          null,
          null,
          null,
          null,
          null,
          null,
          null,
          null,
          null,
          null,
          null,
          null,
          null,
          1,
          21,
          null,
          null,
          null,
          null
        ]
      },
      "/Users/sumonsm/code/ruby/rspec-rails/lib/rspec/rails/matchers/active_job.rb": {
        "lines": [
          1,
          1,
          null,
          1,
          1,
          1,
          null,
          null,
          null,
          1,
          null,
          null,
          1,
          1,
          134,
          134,
          134,
          134,
          134,
          null,
          null,
          1,
          31,
          31,
          31,
          null,
          null,
          1,
          9,
          9,
          null,
          null,
          1,
          19,
          14,
          null,
          5,
          null,
          19,
          null,
          null,
          1,
          24,
          24,
          null,
          null,
          1,
          8,
          8,
          null,
          null,
          1,
          6,
          6,
          null,
          null,
          1,
          4,
          null,
          null,
          1,
          3,
          null,
          null,
          1,
          1,
          null,
          null,
          1,
          1,
          null,
          null,
          1,
          16,
          16,
          4,
          4,
          4,
          null,
          null,
          null,
          null,
          null,
          1,
          4,
          null,
          null,
          1,
          32,
          20,
          3,
          9,
          null,
          null,
          null,
          1,
          130,
          null,
          null,
          1,
          null,
          1,
          131,
          154,
          123,
          123,
          120,
          null,
          31,
          null,
          null,
          128,
          null,
          128,
          103,
          6,
          19,
          null,
          null,
          null,
          1,
          20,
          20,
          20,
          20,
          20,
          null,
          null,
          null,
          1,
          4,
          4,
          4,
          4,
          null,
          4,
          4,
          null,
          null,
          null,
          1,
          98,
          null,
          null,
          1,
          143,
          66,
          66,
          66,
          null,
          77,
          null,
          null,
          null,
          1,
          131,
          null,
          7,
          null,
          null,
          1,
          130,
          20,
          18,
          null,
          17,
          17,
          null,
          null,
          1,
          5,
          null,
          1,
          null,
          null,
          null,
          null,
          null,
          null,
          null,
          null,
          null,
          null,
          null,
          null,
          null,
          null,
          1,
          null,
          null,
          1,
          183,
          183,
          18,
          4,
          3,
          158,
          null,
          null,
          null,
          1,
          66,
          19,
          null,
          47,
          null,
          null,
          1,
          196,
          null,
          2,
          null,
          null,
          1,
          252,
          null,
          null,
          null,
          null,
          null,
          1,
          1,
          1,
          null,
          1,
          95,
          95,
          null,
          null,
          1,
          94,
          null,
          93,
          93,
          93,
          null,
          93,
          null,
          null,
          1,
          9,
          null,
          9,
          null,
          null,
          null,
          null,
          1,
          1,
          1,
          null,
          1,
          6,
          6,
          null,
          null,
          1,
          2,
          null,
          2,
          null,
          null,
          null,
          null,
          1,
          1,
          1,
          null,
          1,
          29,
          29,
          null,
          null,
          1,
          29,
          null,
          28,
          28,
          28,
          null,
          28,
          null,
          null,
          null,
          null,
          1,
          1,
          1,
          null,
          1,
          4,
          4,
          null,
          null,
          null,
          null,
          null,
          null,
          null,
          null,
          null,
          null,
          null,
          null,
          null,
          null,
          null,
          null,
          null,
          null,
          null,
          null,
          null,
          null,
          null,
          null,
          null,
          null,
          null,
          null,
          null,
          null,
          null,
          null,
          null,
          null,
          null,
          null,
          null,
          null,
          null,
          null,
          null,
          null,
          null,
          null,
          null,
          null,
          null,
          null,
          null,
          1,
          45,
          44,
          null,
          1,
          null,
          null,
          null,
          null,
          null,
          null,
          null,
          null,
          null,
          null,
          null,
          null,
          null,
          null,
          null,
          null,
          null,
          null,
          null,
          null,
          null,
          null,
          null,
          null,
          null,
          null,
          null,
          null,
          null,
          null,
          1,
          6,
          6,
          null,
          null,
          null,
          null,
          null,
          null,
          null,
          null,
          null,
          null,
          null,
          null,
          null,
          null,
          null,
          null,
          null,
          null,
          null,
          null,
          null,
          null,
          null,
          null,
          null,
          null,
          null,
          null,
          null,
          null,
          null,
          null,
          null,
          null,
          null,
          null,
          null,
          1,
          30,
          29,
          null,
          1,
          null,
          null,
          null,
          null,
          null,
          null,
          null,
          null,
          null,
          null,
          null,
          null,
          null,
          null,
          null,
          null,
          null,
          null,
          null,
          null,
          null,
          null,
          null,
          null,
          null,
          null,
          null,
          null,
          1,
          4,
          4,
          null,
          null,
          1,
          null,
          null,
          1,
          85,
          null,
          2,
          null,
          null,
          null,
          null
        ]
      },
      "/Users/sumonsm/code/ruby/rspec-rails/lib/rspec/rails/matchers/have_enqueued_mail.rb": {
        "lines": [
          null,
          null,
          null,
          1,
          1,
          null,
          null,
          1,
          1,
          1,
          null,
          null,
          null,
          null,
          1,
          1,
          null,
          1,
          null,
          1,
          51,
          51,
          51,
          51,
          null,
          null,
          1,
          0,
          null,
          null,
          1,
          12,
          12,
          null,
          null,
          1,
          51,
          null,
          51,
          50,
          null,
          null,
          1,
          11,
          11,
          null,
          null,
          null,
          1,
          1,
          null,
          null,
          1,
          null,
          1,
          12,
          12,
          12,
          12,
          12,
          12,
          null,
          null,
          null,
          1,
          12,
          null,
          null,
          1,
          69,
          null,
          null,
          1,
          68,
          null,
          null,
          1,
          null,
          55,
          9,
          46,
          43,
          3,
          2,
          null,
          1,
          null,
          null,
          55,
          null,
          null,
          1,
          55,
          null,
          null,
          1,
          6,
          null,
          null,
          1,
          51,
          null,
          1,
          null,
          null,
          1,
          15,
          12,
          null,
          null,
          null,
          1,
          4,
          null,
          4,
          5,
          null,
          null,
          4,
          null,
          null,
          1,
          5,
          null,
          5,
          5,
          null,
          5,
          5,
          5,
          5,
          null,
          5,
          null,
          null,
          null,
          null,
          1,
          102,
          null,
          102,
          null,
          101,
          null,
          101,
          1,
          null,
          3,
          null,
          1,
          100,
          9,
          91,
          91,
          null,
          0,
          null,
          null,
          null,
          1,
          68,
          null,
          null,
          1,
          68,
          null,
          null,
          1,
          68,
          null,
          null,
          null,
          null,
          null,
          null,
          null,
          null,
          null,
          null,
          null,
          null,
          null,
          null,
          null,
          null,
          null,
          null,
          null,
          null,
          null,
          null,
          null,
          null,
          null,
          null,
          null,
          null,
          null,
          null,
          null,
          null,
          null,
          null,
          null,
          null,
          null,
          null,
          null,
          null,
          null,
          null,
          null,
          null,
          null,
          null,
          null,
          null,
          1,
          51,
          null,
          1,
          1,
          1,
          null,
          null,
          null,
          null
        ]
      },
      "/Users/sumonsm/code/ruby/rspec-rails/lib/rspec/rails/matchers/action_cable.rb": {
        "lines": [
          1,
          null,
          1,
          1,
          1,
          null,
          null,
          null,
          1,
          null,
          null,
          null,
          null,
          null,
          null,
          null,
          null,
          null,
          null,
          null,
          null,
          null,
          null,
          null,
          null,
          null,
          null,
          null,
          null,
          null,
          null,
          null,
          null,
          null,
          null,
          null,
          null,
          null,
          null,
          null,
          null,
          null,
          null,
          null,
          null,
          null,
          null,
          1,
          27,
          null,
          26,
          null,
          1,
          null,
          1,
          null,
          null,
          1,
          27,
          null,
          1,
          null,
          null,
          null,
          null
        ]
      },
      "/Users/sumonsm/code/ruby/rspec-rails/lib/rspec/rails/matchers/action_cable/have_broadcasted_to.rb": {
        "lines": [
          1,
          1,
          1,
          1,
          null,
          null,
          1,
          1,
          26,
          26,
          26,
          26,
          26,
          null,
          null,
          1,
          5,
          5,
          5,
          5,
          null,
          null,
          1,
          6,
          6,
          null,
          null,
          1,
          2,
          2,
          null,
          null,
          1,
          2,
          2,
          null,
          null,
          1,
          0,
          null,
          null,
          1,
          0,
          null,
          null,
          1,
          0,
          null,
          null,
          1,
          0,
          null,
          null,
          1,
          6,
          6,
          1,
          1,
          1,
          null,
          null,
          null,
          null,
          null,
          1,
          1,
          null,
          null,
          1,
          7,
          5,
          1,
          1,
          null,
          null,
          null,
          1,
          27,
          null,
          null,
          1,
          26,
          null,
          25,
          24,
          24,
          null,
          24,
          null,
          null,
          1,
          1,
          1,
          null,
          null,
          1,
          null,
          1,
          57,
          null,
          22,
          null,
          1,
          null,
          2,
          1,
          null,
          null,
          null,
          1,
          24,
          26,
          26,
          null,
          26,
          25,
          24,
          null,
          1,
          null,
          null,
          null,
          23,
          null,
          23,
          19,
          2,
          2,
          null,
          null,
          null,
          1,
          36,
          null,
          36,
          5,
          1,
          1,
          29,
          null,
          null,
          null,
          1,
          7,
          7,
          7,
          null,
          null,
          null,
          1,
          1,
          1,
          null,
          0,
          null,
          null,
          null,
          1,
          49,
          null,
          null,
          1,
          2,
          null,
          1,
          1,
          null,
          null,
          null,
          null,
          null,
          null,
          null
        ]
      },
      "/Users/sumonsm/code/ruby/rspec-rails/lib/rspec/rails/matchers/action_mailbox.rb": {
        "lines": [
          1,
          1,
          1,
          null,
          null,
          null,
          1,
          null,
          1,
          1,
          null,
          1,
          4,
          null,
          null,
          null,
          null,
          1,
          1,
          4,
          null,
          4,
          null,
          null,
          1,
          0,
          0,
          0,
          null,
          0,
          null,
          null,
          1,
          4,
          4,
          null,
          4,
          null,
          null,
          null,
          1,
          1,
          1,
          1,
          null,
          null,
          null,
          null,
          1,
          1,
          null,
          null,
          1,
          null,
          1,
          null,
          1,
          2,
          null,
          null,
          null,
          null,
          null,
          null,
          null,
          null,
          null,
          1,
          4,
          null,
          null,
          null,
          null
        ]
      },
      "/Users/sumonsm/code/ruby/rspec-rails/lib/rspec/rails/fixture_support.rb": {
        "lines": [
          1,
          1,
          null,
          1,
          1,
          1,
          1,
          1,
          1,
          1,
          null,
          null,
          null,
          null,
          1,
          1974,
          1974,
          null,
          null,
          1,
          357,
          357,
          null,
          null,
          357,
          0,
          null,
          357,
          null,
          null,
          357,
          357,
          null,
          357,
          null,
          null,
          null,
          1,
          1,
          null,
          null,
          1,
          1,
          0,
          0,
          0,
          0,
          null,
          null,
          null,
          null,
          0,
          0,
          0,
          0,
          null,
          0,
          null,
          null,
          null,
          null,
          1,
          2,
          2,
          2,
          2,
          2,
          null,
          null,
          null,
          null,
          1,
          2,
          2,
          1,
          0,
          null,
          1,
          null,
          null,
          null,
          null,
          null,
          null,
          null,
          null,
          null,
          null,
          null
        ]
      },
      "/Users/sumonsm/code/ruby/rspec-rails/lib/rspec/rails/file_fixture_support.rb": {
        "lines": [
          1,
          null,
          1,
          1,
          null,
          1,
          1,
          1,
          null,
          1,
          357,
          357,
          357,
          null,
          null,
          null,
          null,
          null
        ]
      },
      "/Users/sumonsm/code/ruby/rspec-rails/lib/rspec/rails/fixture_file_upload_support.rb": {
        "lines": [
          1,
          1,
          null,
          1,
          1,
          null,
          1,
          null,
          null,
          null,
          null,
          1,
          4,
          null,
          4,
          1,
          3,
          0,
          null,
          3,
          null,
          4,
          4,
          null,
          null,
          1,
          1,
          1,
          null,
          1,
          1,
          1,
          null,
          0,
          null,
          null,
          null,
          1,
          4,
          null,
          null,
          null,
          null,
          null,
          null
        ]
      },
      "/Users/sumonsm/code/ruby/rspec-rails/lib/rspec/rails/example.rb": {
        "lines": [
          1,
          1,
          1,
          1,
          1,
          1,
          1,
          1,
          1,
          1,
          1,
          1,
          1
        ]
      },
      "/Users/sumonsm/code/ruby/rspec-rails/lib/rspec/rails/example/rails_example_group.rb": {
        "lines": [
          null,
          null,
          1,
          null,
          1,
          1,
          null,
          null,
          1,
          1,
          null,
          null,
          1,
          1,
          1,
          1,
          1,
          1,
          1,
          1,
          1,
          null,
          null,
          null,
          null
        ]
      },
      "/Users/sumonsm/code/ruby/rspec-rails/lib/rspec/rails/example/controller_example_group.rb": {
        "lines": [
          1,
          1,
          null,
          1,
          null,
          null,
          null,
          null,
          null,
          1,
          1,
          1,
          1,
          1,
          1,
          1,
          1,
          1,
          null,
          null,
          1,
          null,
          1,
          8,
          null,
          null,
          null,
          null,
          null,
          null,
          null,
          null,
          null,
          null,
          null,
          null,
          null,
          null,
          null,
          null,
          null,
          null,
          null,
          null,
          null,
          null,
          null,
          null,
          null,
          null,
          null,
          null,
          null,
          null,
          null,
          null,
          null,
          null,
          null,
          null,
          1,
          14,
          12,
          null,
          14,
          null,
          14,
          14,
          8,
          8,
          5,
          null,
          3,
          null,
          null,
          null,
          14,
          40,
          null,
          14,
          0,
          0,
          0,
          null,
          0,
          null,
          0,
          0,
          null,
          0,
          null,
          0,
          0,
          0,
          0,
          0,
          null,
          null,
          null,
          null,
          null,
          null,
          null,
          14,
          0,
          0,
          null,
          null,
          null,
          null,
          null,
          null,
          null,
          null,
          null,
          null,
          null,
          null,
          1,
          0,
          0,
          null,
          null,
          null,
          null,
          null,
          null,
          1,
          null,
          null,
          null,
          1,
          null,
          null,
          null,
          null,
          1,
          3,
          3,
          null,
          null,
          null,
          1,
          1,
          1,
          null,
          null,
          null,
          null,
          null,
          null,
          null,
          null,
          null,
          null,
          null,
          null,
          null,
          null,
          null,
          null,
          null,
          null,
          null,
          null,
          1,
          1,
          null,
          null,
          null,
          null,
          1,
          3,
          2,
          null,
          1,
          null,
          null,
          1,
          null,
          1,
          31,
          null,
          30,
          3,
          null,
          null,
          30,
          3,
          null,
          3,
          3,
          null,
          3,
          null,
          null,
          null,
          null,
          1,
          null,
          1,
          3,
          3,
          null,
          null,
          1,
          2,
          null,
          2,
          2,
          null,
          0,
          null,
          null,
          null,
          null,
          null
        ]
      },
      "/Users/sumonsm/code/ruby/rspec-rails/lib/rspec/rails/example/request_example_group.rb": {
        "lines": [
          1,
          1,
          null,
          null,
          1,
          1,
          1,
          1,
          1,
          1,
          1,
          1,
          1,
          null,
          null,
          1,
          3,
          null,
          null,
          1,
          23,
          6,
          null,
          null,
          null,
          null,
          null
        ]
      },
      "/Users/sumonsm/code/ruby/rspec-rails/lib/rspec/rails/example/helper_example_group.rb": {
        "lines": [
          1,
          null,
          1,
          1,
          null,
          null,
          1,
          1,
          1,
          1,
          1,
          null,
          null,
          1,
          1,
          11,
          null,
          null,
          null,
          null,
          null,
          1,
          2,
          2,
          2,
          null,
          null,
          null,
          1,
          null,
          1,
          3,
          null,
          null,
          1,
          13,
          2,
          null,
          null,
          null,
          null,
          null
        ]
      },
      "/Users/sumonsm/code/ruby/rspec-rails/lib/rspec/rails/view_assigns.rb": {
        "lines": [
          1,
          1,
          null,
          1,
          null,
          null,
          null,
          null,
          null,
          null,
          1,
          0,
          null,
          null,
          null,
          1,
          1,
          null,
          null,
          1,
          null,
          1,
          1,
          null,
          null,
          null,
          null
        ]
      },
      "/Users/sumonsm/code/ruby/rspec-rails/lib/rspec/rails/example/view_example_group.rb": {
        "lines": [
          1,
          1,
          1,
          null,
          1,
          1,
          null,
          null,
          1,
          1,
          1,
          1,
          1,
          1,
          null,
          null,
          1,
          1,
          5,
          5,
          null,
          null,
          null,
          null,
          1,
          1,
          22,
          22,
          null,
          2,
          null,
          null,
          1,
          21,
          21,
          21,
          null,
          null,
          null,
          null,
          1,
          1,
          null,
          1,
          34,
          34,
          null,
          null,
          null,
          null,
          null,
          null,
          null,
          null,
          null,
          null,
          null,
          null,
          null,
          null,
          null,
          null,
          null,
          null,
          null,
          1,
          6,
          6,
          6,
          null,
          null,
          null,
          null,
          null,
          null,
          null,
          null,
          null,
          null,
          null,
          null,
          1,
          25,
          null,
          null,
          null,
          null,
          null,
          null,
          null,
          null,
          1,
          5,
          null,
          null,
          null,
          null,
          null,
          null,
          1,
          1,
          null,
          null,
          null,
          1,
          2,
          2,
          null,
          null,
          null,
          1,
          null,
          null,
          null,
          null,
          null,
          0,
          0,
          0,
          null,
          null,
          null,
          0,
          null,
          null,
          1,
          null,
          1,
          4,
          4,
          null,
          0,
          136,
          null,
          24,
          4,
          4,
          4,
          null,
          null,
          null,
          null,
          null,
          null,
          null,
          null,
          null,
          null,
          null,
          null,
          4,
          null,
          4,
          4,
          4,
          4,
          4,
          null,
          4,
          null,
          null,
          1,
          42,
          null,
          null,
          1,
          26,
          null,
          null,
          1,
          16,
          null,
          null,
          1,
          8,
          8,
          8,
          null,
          null,
          null,
          null,
          1,
          21,
          null,
          21,
          null,
          21,
          8,
          8,
          null,
          8,
          null,
          8,
          8,
          8,
          null,
          8,
          null,
          8,
          8,
          8,
          null,
          null,
          21,
          8,
          null,
          null,
          21,
          8,
          null,
          null,
          null,
          null,
          null
        ]
      },
      "/Users/sumonsm/code/ruby/rspec-rails/lib/rspec/rails/view_spec_methods.rb": {
        "lines": [
          1,
          1,
          null,
          null,
          1,
          1,
          null,
          null,
          null,
          null,
          1,
          12,
          null,
          11,
          null,
          null,
          null,
          null,
          null,
          null,
          null,
          null,
          null,
          null,
          11,
          0,
          0,
          null,
          null,
          null,
          null,
          null,
          null,
          null,
          null,
          null,
          null,
          null,
          null,
          11,
          1,
          1,
          null,
          null,
          null,
          null,
          null,
          1,
          10,
          10,
          10,
          null,
          null,
          null,
          null,
          null
        ]
      },
      "/Users/sumonsm/code/ruby/rspec-rails/lib/rspec/rails/view_path_builder.rb": {
        "lines": [
          1,
          1,
          null,
          1,
          1,
          8,
          null,
          null,
          null,
          null,
          null,
          null,
          null,
          null,
          null,
          null,
          null,
          null,
          null,
          null,
          null,
          1,
          8,
          null,
          8,
          null,
          null,
          null,
          null
        ]
      },
      "/Users/sumonsm/code/ruby/rspec-rails/lib/rspec/rails/example/mailer_example_group.rb": {
        "lines": [
          1,
          1,
          null,
          null,
          null,
          1,
          null,
          null,
          null,
          null,
          null,
          null,
          1,
          1,
          1,
          null,
          1,
          1,
          1,
          1,
          null,
          1,
          10,
          10,
          10,
          null,
          null,
          null,
          1,
          null,
          1,
          1,
          null,
          null,
          null,
          null,
          null,
          null
        ]
      },
      "/Users/sumonsm/code/ruby/rspec-rails/lib/rspec/rails/example/routing_example_group.rb": {
        "lines": [
          1,
          1,
          null,
          1,
          null,
          null,
          null,
          null,
          null,
          1,
          1,
          1,
          1,
          1,
          1,
          null,
          null,
          1,
          null,
          null,
          null,
          null,
          null,
          null,
          null,
          null,
          null,
          null,
          null,
          null,
          1,
          0,
          0,
          null,
          null,
          null,
          null,
          1,
          11,
          2,
          null,
          null,
          null,
          null,
          null,
          1,
          null,
          null,
          1,
          2,
          2,
          null,
          null,
          1,
          null,
          1,
          1,
          null,
          null,
          null,
          null
        ]
      },
      "/Users/sumonsm/code/ruby/rspec-rails/lib/rspec/rails/example/model_example_group.rb": {
        "lines": [
          1,
          1,
          null,
          null,
          null,
          1,
          1,
          1,
          null,
          null,
          null
        ]
      },
      "/Users/sumonsm/code/ruby/rspec-rails/lib/rspec/rails/example/job_example_group.rb": {
        "lines": [
          1,
          1,
          null,
          null,
          null,
          1,
          null,
          null,
          null,
          null,
          null,
          null,
          1,
          1,
          1,
          null,
          1,
          1,
          1,
          null,
          null,
          null,
          null
        ]
      },
      "/Users/sumonsm/code/ruby/rspec-rails/lib/rspec/rails/example/feature_example_group.rb": {
        "lines": [
          1,
          1,
          null,
          null,
          1,
          1,
          1,
          null,
          null,
          1,
          null,
          1,
          14,
          14,
          13,
          13,
          null,
          13,
          12,
          null,
          null,
          null,
          null,
          null,
          null,
          null,
          1,
          2,
          1,
          null,
          1,
          null,
          null,
          null,
          null,
          null,
          null,
          1,
          null,
          1,
          null,
          1,
          null,
          null,
          null,
          null,
          null,
          1,
          1,
          1,
          1,
          null,
          null
        ]
      },
      "/Users/sumonsm/code/ruby/rspec-rails/lib/rspec/rails/example/system_example_group.rb": {
        "lines": [
          1,
          1,
          null,
          null,
          1,
          1,
          1,
          1,
          1,
          1,
          1,
          1,
          null,
          null,
          1,
          null,
          null,
          1,
          null,
          1,
          null,
          null,
          null,
          1,
          null,
          null,
          null,
          null,
          1,
          4,
          3,
          null,
          3,
          3,
          null,
          0,
          null,
          null,
          null,
          1,
          8,
          null,
          null,
          null,
          null,
          null,
          1,
          null,
          null,
          0,
          0,
          0,
          null,
          null,
          0,
          0,
          0,
          null,
          0,
          null,
          null,
          null,
          0,
          0,
          0,
          null,
          0,
          null,
          null,
          null,
          0,
          0,
          null,
          null,
          0,
          null,
          0,
          0,
          null,
          null,
          null,
          null,
          null,
          null,
          null,
          null,
          null,
          0,
          0,
          null,
          null,
          null,
          null,
          1,
          1,
          null,
          null,
          1,
          16,
          16,
          null,
          null,
          16,
          null,
          null,
          16,
          null,
          0,
          null,
          null,
          null,
          null,
          null,
          null,
          null,
          null,
          null,
          16,
          null,
          null,
          16,
          null,
          16,
          16,
          16,
          null,
          16,
          null,
          16,
          16,
          null,
          null,
          16,
          23,
          23,
          null,
          23,
          null,
          null,
          11,
          null,
          null,
          null,
          16,
          7,
          null,
          null,
          16,
          7,
          null,
          null,
          16,
          4,
          4,
          null,
          4,
          null,
          4,
          4,
          4,
          4,
          null,
          null,
          null,
          16,
          4,
          4,
          null,
          null,
          null,
          null,
          null
        ]
      },
      "/Users/sumonsm/code/ruby/rspec-rails/lib/rspec/rails/example/channel_example_group.rb": {
        "lines": [
          1,
          null,
          1,
          1,
          null,
          null,
          null,
          1,
          null,
          1,
          null,
          null,
          null,
          null,
          null,
          null,
          null,
          1,
          1,
          1,
          null,
          null,
          1,
          1,
          1,
          1,
          1,
          null,
          null,
          1,
          null,
          1,
          21,
          21,
          null,
          0,
          null,
          null,
          null,
          null,
          null,
          null,
          1,
          0,
          0,
          null,
          0,
          null,
          null,
          null,
          null,
          null,
          null,
          null,
          null,
          null,
          null,
          1,
          0,
          null,
          null,
          null,
          null,
          null,
          null,
          1,
          6,
          null,
          4,
          null,
          null,
          null,
          null,
          null,
          null,
          1,
          8,
          null,
          7,
          null,
          null,
          null,
          null,
          null,
          null,
          1,
          6,
          5,
          null,
          null,
          null,
          null,
          null
        ]
      },
      "/Users/sumonsm/code/ruby/rspec-rails/lib/rspec/rails/matchers/action_cable/have_streams.rb": {
        "lines": [
          1,
          1,
          1,
          1,
          null,
          null,
          null,
          1,
          null,
          null,
          1,
          3,
          null,
          null,
          null,
          null,
          1,
          3,
          null,
          null,
          null,
          null,
          1,
          9,
          null,
          8,
          null,
          null,
          null,
          null,
          1,
          7,
          null,
          null,
          1,
          null,
          1,
          15,
          null,
          12,
          22,
          null,
          3,
          null,
          null,
          null,
          1,
          6,
          null,
          null,
          1,
          27,
          null,
          null,
          null,
          null,
          null,
          null
        ]
      },
      "/Users/sumonsm/code/ruby/rspec-rails/lib/rspec/rails/example/mailbox_example_group.rb": {
        "lines": [
          1,
          1,
          null,
          null,
          1,
          1,
          null,
          1,
          1,
          1,
          null,
          null,
          1,
          0,
          null,
          0,
          null,
          0,
          null,
          null,
          null,
          0,
          0,
          null,
          null,
          null,
          1,
          null,
          1,
          1,
          null,
          null,
          null,
          1,
          16,
          null,
          null,
          null,
          null,
          null,
          null,
          null,
          null,
          1,
          2,
          null,
          null,
          null,
          null,
          null,
          null,
          null,
          null,
          1,
          2,
          null,
          null,
          null,
          null,
          null,
          null,
          null,
          null,
          1,
          2,
          null,
          null,
          null,
          null,
          null,
          null,
          null,
          1,
          1,
          1,
          null,
          null,
          null,
          null,
          null
        ]
      },
      "/Users/sumonsm/code/ruby/rspec-rails/lib/rspec/rails/vendor/capybara.rb": {
        "lines": [
          null,
          1,
          null,
          null,
          null,
          null,
          1,
          null,
          null,
          null,
          1,
          1,
          1,
          1,
          1,
          null,
          null,
          1,
          1,
          1,
          1,
          1,
          1,
          1,
          null,
          null,
          1,
          0,
          0,
          null,
          null,
          null
        ]
      },
      "/Users/sumonsm/code/ruby/rspec-rails/lib/rspec/rails/configuration.rb": {
        "lines": [
          null,
          1,
          1,
          null,
          null,
          1,
          null,
          null,
          null,
          null,
          null,
          null,
          null,
          null,
          null,
          null,
          null,
          null,
          null,
          null,
          null,
          null,
          null,
          null,
          null,
          null,
          null,
          null,
          1,
          null,
          null,
          null,
          null,
          null,
          null,
          null,
          null,
          null,
          null,
          null,
          null,
          null,
          null,
          null,
          null,
          null,
          1,
          1932,
          1932,
          1932,
          1932,
          1932,
          1932,
          1932,
          1932,
          1932,
          null,
          null,
          null,
          1,
          1932,
          1932,
          null,
          null,
          1932,
          null,
          null,
          1932,
          1932,
          1932,
          1932,
          null,
          1932,
          1932,
          null,
          0,
          null,
          null,
          1932,
          null,
          null,
          null,
          null,
          null,
          null,
          null,
          null,
          1932,
          null,
          1932,
          1932,
          null,
          null,
          1932,
          null,
          null,
          null,
          null,
          null,
          null,
          null,
          1932,
          null,
          1932,
          1932,
          2,
          null,
          null,
          1932,
          1,
          null,
          null,
          1932,
          20,
          null,
          null,
          1932,
          1932,
          25,
          null,
          null,
          null,
          null,
          null,
          null,
          1932,
          1932,
          5,
          null,
          null,
          1932,
          1932,
          5,
          null,
          null,
          1932,
          1932,
          19,
          null,
          null,
          1932,
          1932,
          5,
          null,
          null,
          1932,
          1932,
          5,
          null,
          null,
          1932,
          124,
          1612,
          1612,
          140,
          null,
          null,
          null,
          null,
          null,
          1932,
          1,
          1,
          null,
          null,
          null,
          null,
          1932,
          0,
          0,
          null,
          null,
          null,
          null,
          null,
          0,
          null,
          null,
          0,
          0,
          null,
          null,
          null,
          null,
          null,
          0,
          null,
          null,
          null,
          null,
          1932,
          null,
          1932,
          0,
          0,
          0,
          0,
          null,
          null,
          null,
          1932,
          1932,
          2920,
          null,
          null,
          1932,
          1932,
          null,
          null,
          1932,
          1932,
          null,
          null,
          1932,
          1932,
          null,
          null,
          null,
          1,
          null,
          null,
          null
        ]
      },
      "/Users/sumonsm/code/ruby/rspec-rails/lib/rspec/rails/active_record.rb": {
        "lines": [
          1,
          1,
          null,
          null,
          1,
          null,
          1,
          1,
          null,
          1,
          1,
          97,
          null,
          97,
          0,
          null,
          null,
          null,
          null,
          null,
          null,
          1,
          null,
          null,
          null
        ]
      },
      "/Users/sumonsm/code/ruby/rspec-rails/spec/support/ar_classes.rb": {
        "lines": [
          1,
          null,
          null,
          null,
          null,
          1,
          1,
          null,
          4,
          null,
          4,
          null,
          4,
          8,
          null,
          null,
          4,
          null,
          null,
          null,
          1,
          1,
          1,
          null,
          null,
          1,
          1,
          1,
          null,
          1,
          null,
          1,
          null,
          null,
          1,
          null,
          null,
          1,
          1,
          1,
          null,
          1,
          null,
          1,
          1,
          null,
          null,
          1,
          1,
          1,
          null,
          1,
          null,
          null,
          1,
          1,
          1,
          1,
          null,
          null,
          1,
          null,
          null
        ]
      },
      "/Users/sumonsm/code/ruby/rspec-rails/spec/support/generators.rb": {
        "lines": [
          1,
          1,
          1,
          1,
          1,
          null,
          null,
          1,
          15,
          null,
          null,
          1,
          15,
          130,
          null,
          null,
          null,
          1,
          15,
          15,
          null,
          null,
          1,
          6,
          null,
          2,
          4,
          null,
          2,
          2,
          null,
          null,
          null,
          2,
          4,
          null,
          2,
          2,
          null,
          null,
          null,
          null,
          1,
          2,
          2,
          2,
          null,
          null,
          4,
          null,
          2,
          2,
          null,
          null,
          null,
          2,
          2,
          4,
          null,
          null,
          6,
          null,
          2,
          4,
          4,
          null,
          2,
          2,
          null,
          null,
          null,
          null,
          null,
          null,
          2,
          4,
          4,
          null,
          2,
          2,
          null,
          null,
          null,
          null,
          null,
          null,
          null,
          null,
          null,
          null,
          null,
          null,
          1,
          1,
          null
        ]
      },
      "/Users/sumonsm/code/ruby/rspec-rails/spec/support/group_failure_formatter.rb": {
        "lines": [
          1,
          1,
          1,
          9,
          null,
          1,
          null,
          1,
          0,
          null,
          null,
          1,
          null,
          null,
          null,
          1,
          19,
          null,
          null,
          null,
          1,
          1,
          null
        ]
      },
      "/Users/sumonsm/code/ruby/rspec-rails/spec/support/null_object.rb": {
        "lines": [
          1,
          1,
          null,
          1,
          null,
          null
        ]
      },
      "/Users/sumonsm/code/ruby/rspec-rails/spec/support/shared_examples.rb": {
        "lines": [
          1,
          null,
          1,
          132,
          null,
          12,
          192,
          192,
          null,
          192,
          null,
          192,
          192,
          192,
          192,
          192,
          null,
          null,
          192,
          null,
          null,
          null,
          192,
          192,
          null,
          192,
          null,
          null,
          null,
          12,
          12,
          24,
          12,
          null,
          null,
          12,
          136,
          null,
          12,
          28,
          28,
          28,
          28,
          null,
          null,
          28,
          28,
          28,
          null,
          null,
          28,
          28,
          28,
          28,
          null,
          null,
          28,
          28,
          56,
          null,
          28,
          28,
          null,
          28,
          null,
          null,
          null,
          null,
          12,
          12,
          12,
          null,
          null,
          null,
          12,
          12,
          12,
          12,
          null,
          null,
          12,
          28,
          28,
          28,
          28,
          null,
          null,
          28,
          28,
          28,
          null,
          null,
          null,
          null,
          null
        ]
      },
      "/Users/sumonsm/code/ruby/rspec-rails/spec/generators/rspec/channel/channel_generator_spec.rb": {
        "lines": [
          null,
          1,
          1,
          null,
          1,
          1,
          null,
          2,
          null,
          2,
          null,
          1,
          1,
          null,
          null
        ]
      },
      "/Users/sumonsm/code/ruby/rspec-rails/lib/generators/rspec/channel/channel_generator.rb": {
        "lines": [
          1,
          null,
          1,
          1,
          null,
          1,
          1,
          1,
          null,
          null,
          null,
          null
        ]
      },
      "/Users/sumonsm/code/ruby/rspec-rails/lib/generators/rspec.rb": {
        "lines": [
          1,
          1,
          1,
          null,
          null,
          null,
          null,
          1,
          null,
          1,
          null,
          1,
          1,
          null,
          1,
          194,
          0,
          null,
          194,
          null,
          null,
          null,
          null,
          null,
          1,
          383,
          null,
          14,
          14,
          14,
          14,
          null,
          null,
          null,
          1,
          383,
          null,
          null,
          null,
          null,
          null,
          null,
          1,
          1,
          null,
          1,
          1,
          16,
          0,
          null,
          8,
          null,
          null,
          null,
          null,
          null
        ]
      },
      "/Users/sumonsm/code/ruby/rspec-rails/spec/generators/rspec/controller/controller_generator_spec.rb": {
        "lines": [
          null,
          1,
          1,
          null,
          1,
          1,
          null,
          1,
          4,
          null,
          1,
          1,
          1,
          null,
          null,
          1,
          1,
          null,
          null,
          null,
          null,
          null,
          1,
          1,
          1,
          null,
          null,
          1,
          1,
          null,
          null,
          null,
          1,
          1,
          1,
          null,
          null,
          1,
          1,
          null,
          null,
          null,
          null,
          1,
          2,
          null,
          1,
          1,
          null,
          null,
          1,
          1,
          null,
          null,
          null,
          null,
          null,
          null,
          1,
          1,
          1,
          1,
          1,
          null,
          null,
          1,
          2,
          null,
          1,
          1,
          null,
          null,
          null,
          null,
          1,
          1,
          1,
          null,
          null,
          1,
          2,
          null,
          1,
          1,
          null,
          null,
          null,
          null,
          1,
          1,
          1,
          null,
          null,
          1,
          2,
          null,
          1,
          1,
          null,
          null,
          null,
          null,
          null,
          1,
          1,
          1,
          2,
          null,
          null,
          1,
          2,
          null,
          1,
          1,
          null,
          null,
          null,
          null,
          1,
          2,
          null,
          1,
          1,
          null,
          null,
          null,
          null,
          null,
          1,
          1,
          1,
          null,
          null,
          1,
          2,
          null,
          1,
          1,
          null,
          null,
          null,
          null,
          null,
          null,
          1,
          2,
          null,
          1,
          1,
          null,
          null,
          null,
          null,
          1,
          5,
          null,
          1,
          1,
          1,
          null,
          null,
          1,
          1,
          null,
          null,
          null,
          1,
          1,
          1,
          1,
          null,
          null,
          1,
          1,
          null,
          null,
          null,
          1,
          2,
          null,
          1,
          1,
          null,
          null,
          null,
          null,
          null,
          null,
          null,
          null,
          1,
          1,
          1,
          null,
          null,
          1,
          1,
          null,
          null,
          null,
          null,
          1,
          4,
          null,
          1,
          1,
          null,
          null,
          1,
          1,
          1,
          null,
          null,
          1,
          1,
          1,
          null,
          null,
          null,
          null,
          null,
          1,
          1,
          1,
          null,
          null,
          1,
          1,
          null,
          null,
          null,
          null
        ]
      },
      "/Users/sumonsm/code/ruby/rspec-rails/lib/generators/rspec/controller/controller_generator.rb": {
        "lines": [
          1,
          null,
          1,
          1,
          null,
          1,
          1,
          null,
          1,
          1,
          1,
          1,
          1,
          null,
          1,
          17,
          null,
          16,
          null,
          null,
          null,
          1,
          17,
          null,
          1,
          null,
          null,
          null,
          1,
          17,
          11,
          null,
          9,
          null,
          9,
          16,
          16,
          null,
          null,
          null,
          null,
          1,
          17,
          10,
          null,
          1,
          null,
          null,
          null,
          null,
          null
        ]
      },
      "/Users/sumonsm/code/ruby/rspec-rails/spec/generators/rspec/feature/feature_generator_spec.rb": {
        "lines": [
          null,
          1,
          1,
          null,
          1,
          1,
          null,
          1,
          1,
          1,
          1,
          null,
          null,
          1,
          2,
          null,
[...]
          null,
          null,
          1,
          4,
          null,
          null,
          null,
          1,
          null,
          null,
          null,
          null,
          null,
          null,
          null,
          null,
          null,
          null,
          null,
          null,
          null,
          null,
          12,
          null,
          1,
          3,
          3,
          1,
          1,
          null,
          1,
          1,
          null,
          1,
          1,
          null,
          null,
          null,
          1,
          4,
          null,
          null,
          null,
          1,
          12,
          null,
          1,
          3,
          3,
          1,
          1,
          null,
          1,
          1,
          null,
          1,
          1,
          null,
          null,
          null,
          1,
          4,
          null,
          null,
          null,
          1,
          null,
          null,
          null,
          null,
          null,
          null,
          null,
          null,
          null,
          null,
          null,
          null,
          null,
          null,
          12,
          null,
          1,
          3,
          3,
          1,
          1,
          null,
          1,
          1,
          null,
          1,
          1,
          null,
          null,
          null,
          1,
          4,
          null,
          null,
          null,
          1,
          6,
          null,
          1,
          3,
          3,
          1,
          1,
          null,
          1,
          1,
          null,
          1,
          1,
          null,
          null,
          null,
          1,
          7,
          4,
          null,
          null,
          null,
          1,
          null,
          null,
          null,
          null,
          null,
          null,
          null,
          null,
          null,
          null,
          null,
          null,
          null,
          null,
          12,
          null,
          1,
          3,
          3,
          1,
          1,
          null,
          1,
          1,
          null,
          1,
          1,
          null,
          null,
          null,
          1,
          4,
          null,
          null,
          null,
          1,
          1,
          2,
          null,
          null,
          null,
          1,
          3,
          3,
          null,
          3,
          3,
          3,
          3,
          null,
          3,
          3,
          null,
          3,
          null,
          null,
          null,
          null,
          1,
          1,
          2,
          2,
          null,
          null,
          null,
          1,
          1,
          2,
          2,
          null,
          null,
          null,
          1,
          1,
          2,
          2,
          null,
          null,
          null,
          1,
          1,
          7,
          4,
          null,
          null,
          null,
          1,
          1,
          7,
          4,
          null,
          null,
          null,
          1,
          1,
          7,
          4,
          null,
          null,
          null
        ]
      },
      "/Users/sumonsm/code/ruby/rspec-rails/spec/rspec/rails/matchers/have_rendered_spec.rb": {
        "lines": [
          1,
          2,
          2,
          14,
          null,
          2,
          2,
          2,
          2,
          2,
          null,
          null,
          null,
          2,
          2,
          2,
          2,
          2,
          null,
          null,
          null,
          2,
          2,
          2,
          2,
          2,
          null,
          null,
          null,
          2,
          2,
          2,
          2,
          2,
          2,
          null,
          null,
          null,
          null,
          2,
          2,
          2,
          2,
          null,
          2,
          2,
          null,
          null,
          null,
          null,
          2,
          2,
          2,
          2,
          null,
          2,
          2,
          null,
          null,
          null,
          null,
          null,
          2,
          2,
          2,
          2,
          2,
          null,
          2,
          2,
          null,
          null,
          null,
          null,
          2,
          2,
          2,
          2,
          2,
          null,
          null,
          null,
          null,
          2,
          2,
          4,
          2,
          2,
          null,
          null,
          null,
          null,
          2,
          6,
          null,
          2,
          2,
          2,
          null,
          null,
          2,
          4,
          null,
          null,
          2,
          2,
          2,
          2,
          2,
          null,
          null,
          null,
          2,
          2,
          2,
          2,
          null,
          null,
          2,
          2,
          2,
          null,
          null,
          null,
          null,
          null,
          null,
          null
        ]
      },
      "/Users/sumonsm/code/ruby/rspec-rails/spec/rspec/rails/matchers/redirect_to_spec.rb": {
        "lines": [
          1,
          1,
          null,
          1,
          1,
          null,
          7,
          null,
          1,
          1,
          1,
          null,
          1,
          1,
          1,
          null,
          null,
          null,
          null,
          1,
          1,
          1,
          null,
          null,
          1,
          1,
          1,
          null,
          null,
          null,
          null,
          1,
          1,
          1,
          null,
          null,
          1,
          1,
          1,
          null,
          null,
          null,
          null,
          null,
          1,
          1,
          1,
          1,
          null,
          null,
          1,
          1,
          1,
          null,
          null,
          null,
          null,
          1,
          1,
          null,
          1,
          1,
          1,
          null,
          null,
          null,
          null,
          1,
          1,
          1,
          null,
          null,
          1,
          1,
          1,
          null,
          null,
          null,
          null,
          null
        ]
      },
      "/Users/sumonsm/code/ruby/rspec-rails/spec/rspec/rails/matchers/relation_match_array_spec.rb": {
        "lines": [
          1,
          4,
          null,
          13,
          null,
          1,
          1,
          null,
          null,
          1,
          1,
          1,
          null,
          null,
          1,
          1,
          null,
          null
        ]
      },
      "/Users/sumonsm/code/ruby/rspec-rails/spec/rspec/rails/matchers/route_to_spec.rb": {
        "lines": [
          1,
          1,
          1,
          null,
          1,
          null,
          null,
          null,
          1,
          1,
          1,
          1,
          null,
          null,
          1,
          1,
          1,
          null,
          null,
          1,
          1,
          1,
          1,
          null,
          null,
          1,
          1,
          null,
          null,
          null,
          null,
          1,
          null,
          null,
          1,
          1,
          null,
          null,
          null,
          null,
          1,
          null,
          null,
          1,
          1,
          null,
          null,
          null,
          null,
          1,
          null,
          null,
          1,
          1,
          null,
          null,
          null,
          null,
          1,
          null,
          null,
          null,
          null,
          1,
          1,
          1,
          1,
          1,
          null,
          null,
          null,
          null,
          1,
          1,
          1,
          1,
          null,
          1,
          1,
          null,
          null,
          null,
          null,
          1,
          1,
          1,
          1,
          null,
          1,
          1,
          null,
          null,
          null,
          null,
          1,
          1,
          1,
          1,
          null,
          1,
          1,
          null,
          null,
          null,
          null,
          null,
          1,
          1,
          1,
          1,
          1,
          null,
          null,
          null,
          null,
          1,
          1,
          1,
          1,
          null,
          1,
          1,
          null,
          null,
          null,
          null,
          1,
          1,
          1,
          1,
          null,
          1,
          1,
          null,
          null,
          null,
          null,
          1,
          1,
          1,
          1,
          null,
          1,
          1,
          null,
          null,
          null,
          null,
          null,
          1,
          1,
          1,
          null,
          1,
          1,
          null,
          null,
          null
        ]
      },
      "/Users/sumonsm/code/ruby/rspec-rails/spec/rspec/rails/matchers/send_email_spec.rb": {
        "lines": [
          1,
          1,
          14,
          14,
          null,
          14,
          15,
          null,
          null,
          null,
          null,
          null,
          null,
          null,
          null,
          null,
          null,
          null,
          1,
          1,
          1,
          null,
          null,
          null,
          null,
          null,
          null,
          null,
          null,
          null,
          null,
          1,
          1,
          1,
          null,
          null,
          null,
          1,
          1,
          1,
          null,
          null,
          null,
          null,
          null,
          1,
          1,
          2,
          1,
          null,
          null,
          null,
          null,
          null,
          null,
          null,
          1,
          1,
          1,
          1,
          null,
          null,
          null,
          null,
          null,
          null,
          1,
          1,
          2,
          null,
          null,
          null,
          1,
          1,
          4,
          1,
          null,
          null,
          null,
          null,
          null,
          null,
          null,
          null,
          1,
          1,
          1,
          1,
          1,
          null,
          null,
          null,
          null,
          1,
          1,
          1,
          1,
          null,
          1,
          null,
          null,
          null,
          null,
          null,
          null,
          null,
          1,
          1,
          1,
          1,
          null,
          1,
          null,
          null,
          null,
          null,
          null,
          null,
          null,
          null,
          1,
          1,
          null,
          1,
          1,
          1,
          null,
          null,
          null,
          null,
          null,
          1,
          1,
          2,
          null,
          null,
          null,
          1,
          1,
          1,
          1,
          1,
          null,
          null,
          null,
          null,
          1,
          1,
          1,
          1,
          null,
          1,
          null,
          null,
          null,
          null,
          1,
          1,
          1,
          1,
          null,
          1,
          null,
          null,
          null,
          null,
          null,
          null
        ]
      },
      "/Users/sumonsm/code/ruby/rspec-rails/spec/rspec/rails/minitest_lifecycle_adapter_spec.rb": {
        "lines": [
          1,
          1,
          1,
          1,
          1,
          null,
          2,
          2,
          2,
          2,
          null,
          null,
          2,
          1,
          null,
          1,
          null,
          null,
          null,
          null,
          1,
          1,
          2,
          2,
          null,
          null,
          1,
          null,
          null
        ]
      },
      "/Users/sumonsm/code/ruby/rspec-rails/spec/rspec/rails/setup_and_teardown_adapter_spec.rb": {
        "lines": [
          1,
          1,
          1,
          1,
          1,
          2,
          2,
          null,
          2,
          2,
          2,
          null,
          1,
          1,
          2,
          null,
          null,
          1,
          1,
          1,
          2,
          2,
          null,
          null,
          2,
          2,
          null,
          1,
          1,
          null,
          null,
          1,
          1,
          1,
          2,
          2,
          null,
          2,
          2,
          2,
          null,
          1,
          1,
          2,
          null,
          null,
          null
        ]
      },
      "/Users/sumonsm/code/ruby/rspec-rails/spec/rspec/rails/view_rendering_spec.rb": {
        "lines": [
          1,
          1,
          1,
          16,
          16,
          19,
          null,
          16,
          null,
          null,
          null,
          1,
          1,
          1,
          1,
          null,
          null,
          1,
          1,
          null,
          null,
          null,
          1,
          1,
          1,
          1,
          1,
          null,
          1,
          null,
          null,
          null,
          null,
          null,
          1,
          1,
          1,
          1,
          1,
          null,
          null,
          null,
          1,
          1,
          1,
          1,
          null,
          null,
          null,
          1,
          1,
          1,
          1,
          null,
          null,
          1,
          1,
          1,
          1,
          null,
          null,
          null,
          1,
          1,
          null,
          1,
          1,
          null,
          1,
          2,
          null,
          null,
          null,
          1,
          null,
          null,
          1,
          1,
          6,
          null,
          null,
          1,
          1,
          1,
          1,
          null,
          null,
          null,
          1,
          1,
          1,
          1,
          null,
          null,
          null,
          1,
          1,
          1,
          1,
          null,
          null,
          null,
          1,
          1,
          1,
          1,
          null,
          null,
          1,
          1,
          1,
          1,
          null,
          null,
          1,
          1,
          1,
          1,
          null,
          null,
          null,
          null,
          1,
          6,
          null,
          6,
          null,
          1,
          1,
          1,
          1,
          null,
          null,
          1,
          1,
          1,
          1,
          null,
          null,
          1,
          1,
          1,
          1,
          null,
          null,
          null,
          1,
          1,
          1,
          1,
          null,
          null,
          null,
          1,
          1,
          1,
          1,
          1,
          1,
          1,
          null,
          null,
          null,
          null,
          1,
          null,
          null,
          1,
          1,
          1,
          1,
          1,
          1,
          3,
          null,
          null,
          null,
          null,
          1,
          null,
          null,
          null,
          1,
          8,
          null,
          null,
          null,
          null
        ]
      },
      "/Users/sumonsm/code/ruby/rspec-rails/spec/rspec/rails/view_spec_methods_spec.rb": {
        "lines": [
          1,
          1,
          1,
          5,
          null,
          null,
          1,
          5,
          null,
          null,
          1,
          1,
          1,
          1,
          null,
          1,
          1,
          null,
          null,
          1,
          1,
          1,
          null,
          1,
          1,
          null,
          null,
          null,
          null,
          null,
          1,
          1,
          1,
          1,
          null,
          1,
          null,
          null,
          null,
          1,
          1,
          1,
          null,
          null,
          null,
          null,
          1,
          1,
          1,
          1,
          null,
          null,
          1,
          1,
          null,
          1,
          1,
          1,
          1,
          null,
          null,
          null,
          1,
          1,
          1,
          1,
          2,
          null,
          null,
          null,
          null,
          null
        ]
      },
      "/Users/sumonsm/code/ruby/rspec-rails/spec/rspec/rails_spec.rb": {
        "lines": [
          1,
          null,
          1,
          1,
          null,
          null,
          null,
          1,
          1,
          1,
          null,
          null,
          1,
          0,
          null,
          null,
          null,
          1,
          1,
          1,
          299,
          299,
          null,
          1,
          null,
          null
        ]
      },
      "/Users/sumonsm/code/ruby/rspec-rails/spec/sanity_check_spec.rb": {
        "lines": [
          1,
          null,
          1,
          null,
          1,
          null,
          3,
          null,
          1,
          2,
          4,
          null,
          0,
          null,
          null,
          null,
          1,
          1,
          1,
          1,
          null,
          null,
          null,
          null,
          1,
          null,
          1,
          1,
          null,
          null,
          null,
          1,
          null,
          null,
          null,
          1,
          1,
          1,
          1,
          null,
          null,
          null,
          null,
          null,
          null,
          1,
          null,
          1,
          1,
          1,
          null,
          null,
          null,
          null
        ]
      },
      "/Users/sumonsm/code/ruby/rspec-rails/spec/spec_helper.rb": {
        "lines": [
          1,
          1,
          null,
          1,
          1,
          1,
          1,
          null,
          1,
          1,
          1,
          null,
          null,
          null,
          null,
          1,
          0,
          null,
          null,
          1,
          0,
          null,
          null,
          null,
          1,
          null,
          1,
          1,
          1,
          1,
          null,
          6,
          null,
          1,
          1,
          0,
          null,
          null,
          null,
          null,
          1,
          1,
          null,
          1,
          1,
          null,
          null,
          1,
          1,
          1,
          null,
          null,
          1,
          null,
          1,
          1,
          null,
          null,
          1,
          null,
          null,
          1,
          null,
          1,
          1,
          null,
          null,
          null,
          1,
          936,
          null,
          null,
          null,
          983,
          936,
          936,
          null,
          null,
          null
        ]
      }
    },
    "timestamp": 1708913720
  }
}
